<?xml version="1.0" encoding="UTF-8" ?>
<testsuites disabled="0" errors="0" failures="1" tests="1" time="0.004">
 <testsuite name="calc" timestamp="2020-12-05T01:55:09" hostname="localhost" time="0.004" errors="0" tests="1" skipped="0" disabled="0" failures="1">
  <testcase classname="calc" name="should add" time="0.003">
   <failure type="toBe" message="Expected 0 to be 3."><![CDATA[Error: Expected 0 to be 3.
    at <Jasmine>
    at UserContext.<anonymous> (smarttesting-js-public/06-automation/jasmine-ts/test/calc.spec.ts:5:23)
    at <Jasmine>]]>
   </failure>
  </testcase>
 </testsuite>
</testsuites>